{"/workspace/src/extension.ts": {"path":"/workspace/src/extension.ts","statementMap":{"0":{"start":{"line":1,"column":0},"end":{"line":1,"column":33}},"1":{"start":{"line":2,"column":0},"end":{"line":2,"column":29}},"2":{"start":{"line":3,"column":0},"end":{"line":3,"column":25}},"3":{"start":{"line":4,"column":0},"end":{"line":4,"column":28}},"4":{"start":{"line":5,"column":0},"end":{"line":5,"column":54}},"5":{"start":{"line":14,"column":1},"end":{"line":14,"column":46}},"6":{"start":{"line":16,"column":30},"end":{"line":16,"column":76}},"7":{"start":{"line":17,"column":1},"end":{"line":22,"column":3}},"8":{"start":{"line":24,"column":31},"end":{"line":28,"column":null}},"9":{"start":{"line":27,"column":3},"end":{"line":27,"column":25}},"10":{"start":{"line":31,"column":43},"end":{"line":35,"column":null}},"11":{"start":{"line":34,"column":3},"end":{"line":34,"column":24}},"12":{"start":{"line":38,"column":1},"end":{"line":41,"column":3}},"13":{"start":{"line":13,"column":0},"end":{"line":13,"column":16}},"14":{"start":{"line":45,"column":16},"end":{"line":45,"column":66}},"15":{"start":{"line":46,"column":23},"end":{"line":46,"column":72}},"16":{"start":{"line":48,"column":1},"end":{"line":51,"column":null}},"17":{"start":{"line":49,"column":2},"end":{"line":49,"column":64}},"18":{"start":{"line":50,"column":2},"end":{"line":50,"column":9}},"19":{"start":{"line":54,"column":22},"end":{"line":66,"column":67}},"20":{"start":{"line":57,"column":4},"end":{"line":57,"column":26}},"21":{"start":{"line":60,"column":31},"end":{"line":60,"column":71}},"22":{"start":{"line":61,"column":29},"end":{"line":61,"column":66}},"23":{"start":{"line":64,"column":4},"end":{"line":64,"column":65}},"24":{"start":{"line":66,"column":28},"end":{"line":66,"column":66}},"25":{"start":{"line":68,"column":23},"end":{"line":68,"column":54}},"26":{"start":{"line":70,"column":1},"end":{"line":72,"column":3}},"27":{"start":{"line":75,"column":23},"end":{"line":75,"column":61}},"28":{"start":{"line":76,"column":12},"end":{"line":76,"column":20}},"29":{"start":{"line":77,"column":1},"end":{"line":77,"column":17}},"30":{"start":{"line":78,"column":1},"end":{"line":81,"column":null}},"31":{"start":{"line":79,"column":27},"end":{"line":79,"column":65}},"32":{"start":{"line":80,"column":2},"end":{"line":80,"column":27}},"33":{"start":{"line":83,"column":14},"end":{"line":83,"column":16}},"34":{"start":{"line":85,"column":1},"end":{"line":93,"column":null}},"35":{"start":{"line":86,"column":24},"end":{"line":90,"column":null}},"36":{"start":{"line":92,"column":2},"end":{"line":92,"column":62}},"37":{"start":{"line":95,"column":1},"end":{"line":121,"column":null}},"38":{"start":{"line":96,"column":23},"end":{"line":96,"column":72}},"39":{"start":{"line":97,"column":2},"end":{"line":99,"column":null}},"40":{"start":{"line":98,"column":3},"end":{"line":98,"column":12}},"41":{"start":{"line":101,"column":22},"end":{"line":101,"column":40}},"42":{"start":{"line":102,"column":19},"end":{"line":102,"column":57}},"43":{"start":{"line":104,"column":2},"end":{"line":118,"column":null}},"44":{"start":{"line":106,"column":19},"end":{"line":113,"column":null}},"45":{"start":{"line":115,"column":3},"end":{"line":117,"column":null}},"46":{"start":{"line":116,"column":4},"end":{"line":116,"column":13}},"47":{"start":{"line":120,"column":2},"end":{"line":120,"column":64}},"48":{"start":{"line":123,"column":32},"end":{"line":124,"column":null}},"49":{"start":{"line":126,"column":1},"end":{"line":128,"column":null}},"50":{"start":{"line":127,"column":2},"end":{"line":127,"column":68}},"51":{"start":{"line":130,"column":1},"end":{"line":139,"column":null}},"52":{"start":{"line":131,"column":20},"end":{"line":131,"column":53}},"53":{"start":{"line":132,"column":21},"end":{"line":132,"column":47}},"54":{"start":{"line":133,"column":2},"end":{"line":138,"column":null}},"55":{"start":{"line":134,"column":3},"end":{"line":136,"column":5}},"56":{"start":{"line":137,"column":3},"end":{"line":137,"column":10}},"57":{"start":{"line":141,"column":23},"end":{"line":141,"column":74}},"58":{"start":{"line":142,"column":1},"end":{"line":142,"column":23}},"59":{"start":{"line":143,"column":1},"end":{"line":143,"column":30}},"60":{"start":{"line":144,"column":1},"end":{"line":144,"column":22}},"61":{"start":{"line":146,"column":1},"end":{"line":149,"column":null}},"62":{"start":{"line":147,"column":2},"end":{"line":147,"column":47}},"63":{"start":{"line":148,"column":2},"end":{"line":148,"column":70}},"64":{"start":{"line":158,"column":23},"end":{"line":158,"column":65}},"65":{"start":{"line":158,"column":50},"end":{"line":158,"column":64}},"66":{"start":{"line":159,"column":29},"end":{"line":159,"column":67}},"67":{"start":{"line":160,"column":14},"end":{"line":160,"column":76}},"68":{"start":{"line":161,"column":1},"end":{"line":161,"column":22}},"69":{"start":{"line":161,"column":12},"end":{"line":161,"column":22}},"70":{"start":{"line":163,"column":1},"end":{"line":163,"column":58}},"71":{"start":{"line":152,"column":0},"end":{"line":152,"column":16}},"72":{"start":{"line":173,"column":1},"end":{"line":175,"column":null}},"73":{"start":{"line":174,"column":2},"end":{"line":174,"column":14}},"74":{"start":{"line":177,"column":15},"end":{"line":177,"column":39}},"75":{"start":{"line":178,"column":14},"end":{"line":178,"column":40}},"76":{"start":{"line":179,"column":22},"end":{"line":181,"column":null}},"77":{"start":{"line":184,"column":1},"end":{"line":186,"column":null}},"78":{"start":{"line":185,"column":2},"end":{"line":185,"column":14}},"79":{"start":{"line":188,"column":1},"end":{"line":190,"column":null}},"80":{"start":{"line":189,"column":2},"end":{"line":189,"column":32}},"81":{"start":{"line":192,"column":18},"end":{"line":204,"column":55}},"82":{"start":{"line":195,"column":21},"end":{"line":195,"column":50}},"83":{"start":{"line":196,"column":3},"end":{"line":202,"column":5}},"84":{"start":{"line":204,"column":40},"end":{"line":204,"column":54}},"85":{"start":{"line":206,"column":1},"end":{"line":206,"column":46}},"86":{"start":{"line":166,"column":0},"end":{"line":166,"column":16}},"87":{"start":{"line":215,"column":1},"end":{"line":217,"column":null}},"88":{"start":{"line":216,"column":2},"end":{"line":216,"column":12}},"89":{"start":{"line":219,"column":14},"end":{"line":221,"column":56}},"90":{"start":{"line":223,"column":1},"end":{"line":230,"column":null}},"91":{"start":{"line":224,"column":24},"end":{"line":224,"column":44}},"92":{"start":{"line":225,"column":2},"end":{"line":229,"column":5}},"93":{"start":{"line":226,"column":23},"end":{"line":226,"column":50}},"94":{"start":{"line":227,"column":21},"end":{"line":227,"column":70}},"95":{"start":{"line":228,"column":3},"end":{"line":228,"column":69}},"96":{"start":{"line":232,"column":1},"end":{"line":232,"column":15}},"97":{"start":{"line":209,"column":0},"end":{"line":209,"column":16}},"98":{"start":{"line":234,"column":0},"end":{"line":234,"column":16}}},"fnMap":{"0":{"name":"activate","decl":{"start":{"line":13,"column":16},"end":{"line":13,"column":24}},"loc":{"start":{"line":13,"column":57},"end":{"line":42,"column":1}}},"1":{"name":"(anonymous_8)","decl":{"start":{"line":26,"column":2},"end":{"line":26,"column":5}},"loc":{"start":{"line":26,"column":7},"end":{"line":28,"column":3}}},"2":{"name":"(anonymous_9)","decl":{"start":{"line":33,"column":2},"end":{"line":33,"column":5}},"loc":{"start":{"line":33,"column":7},"end":{"line":35,"column":3}}},"3":{"name":"generatePrompt","decl":{"start":{"line":44,"column":15},"end":{"line":44,"column":29}},"loc":{"start":{"line":44,"column":55},"end":{"line":150,"column":null}}},"4":{"name":"(anonymous_12)","decl":{"start":{"line":56,"column":3},"end":{"line":56,"column":4}},"loc":{"start":{"line":57,"column":4},"end":{"line":57,"column":26}}},"5":{"name":"(anonymous_13)","decl":{"start":{"line":60,"column":10},"end":{"line":60,"column":11}},"loc":{"start":{"line":60,"column":31},"end":{"line":60,"column":71}}},"6":{"name":"(anonymous_14)","decl":{"start":{"line":61,"column":7},"end":{"line":61,"column":8}},"loc":{"start":{"line":61,"column":29},"end":{"line":61,"column":66}}},"7":{"name":"(anonymous_15)","decl":{"start":{"line":63,"column":3},"end":{"line":63,"column":4}},"loc":{"start":{"line":64,"column":4},"end":{"line":64,"column":65}}},"8":{"name":"(anonymous_16)","decl":{"start":{"line":66,"column":7},"end":{"line":66,"column":8}},"loc":{"start":{"line":66,"column":28},"end":{"line":66,"column":66}}},"9":{"name":"generateTreeStructure","decl":{"start":{"line":152,"column":16},"end":{"line":152,"column":37}},"loc":{"start":{"line":156,"column":19},"end":{"line":164,"column":1}}},"10":{"name":"(anonymous_18)","decl":{"start":{"line":158,"column":41},"end":{"line":158,"column":42}},"loc":{"start":{"line":158,"column":50},"end":{"line":158,"column":64}}},"11":{"name":"buildTree","decl":{"start":{"line":166,"column":16},"end":{"line":166,"column":25}},"loc":{"start":{"line":171,"column":25},"end":{"line":207,"column":1}}},"12":{"name":"(anonymous_20)","decl":{"start":{"line":194,"column":7},"end":{"line":194,"column":8}},"loc":{"start":{"line":194,"column":17},"end":{"line":203,"column":3}}},"13":{"name":"(anonymous_21)","decl":{"start":{"line":204,"column":10},"end":{"line":204,"column":11}},"loc":{"start":{"line":204,"column":40},"end":{"line":204,"column":54}}},"14":{"name":"formatTreeToAscii","decl":{"start":{"line":209,"column":16},"end":{"line":209,"column":33}},"loc":{"start":{"line":213,"column":23},"end":{"line":233,"column":1}}},"15":{"name":"(anonymous_23)","decl":{"start":{"line":225,"column":24},"end":{"line":225,"column":25}},"loc":{"start":{"line":225,"column":59},"end":{"line":229,"column":3}}},"16":{"name":"deactivate","decl":{"start":{"line":234,"column":16},"end":{"line":234,"column":26}},"loc":{"start":{"line":234,"column":26},"end":{"line":234,"column":31}}}},"branchMap":{"0":{"loc":{"start":{"line":46,"column":23},"end":{"line":46,"column":72}},"type":"cond-expr","locations":[{"start":{"line":46,"column":56},"end":{"line":46,"column":59}},{"start":{"line":46,"column":56},"end":{"line":46,"column":72}}]},"1":{"loc":{"start":{"line":46,"column":23},"end":{"line":46,"column":59}},"type":"binary-expr","locations":[{"start":{"line":46,"column":23},"end":{"line":46,"column":59}},{"start":{"line":46,"column":56},"end":{"line":46,"column":59}}]},"2":{"loc":{"start":{"line":48,"column":1},"end":{"line":51,"column":null}},"type":"if","locations":[{"start":{"line":48,"column":1},"end":{"line":51,"column":null}}]},"3":{"loc":{"start":{"line":64,"column":4},"end":{"line":64,"column":65}},"type":"binary-expr","locations":[{"start":{"line":64,"column":4},"end":{"line":64,"column":25}},{"start":{"line":64,"column":29},"end":{"line":64,"column":65}}]},"4":{"loc":{"start":{"line":78,"column":1},"end":{"line":81,"column":null}},"type":"if","locations":[{"start":{"line":78,"column":1},"end":{"line":81,"column":null}}]},"5":{"loc":{"start":{"line":85,"column":1},"end":{"line":93,"column":null}},"type":"if","locations":[{"start":{"line":85,"column":1},"end":{"line":93,"column":null}}]},"6":{"loc":{"start":{"line":97,"column":2},"end":{"line":99,"column":null}},"type":"if","locations":[{"start":{"line":97,"column":2},"end":{"line":99,"column":null}}]},"7":{"loc":{"start":{"line":97,"column":6},"end":{"line":97,"column":46}},"type":"binary-expr","locations":[{"start":{"line":97,"column":6},"end":{"line":97,"column":18}},{"start":{"line":97,"column":22},"end":{"line":97,"column":46}}]},"8":{"loc":{"start":{"line":104,"column":2},"end":{"line":118,"column":null}},"type":"if","locations":[{"start":{"line":104,"column":2},"end":{"line":118,"column":null}}]},"9":{"loc":{"start":{"line":115,"column":3},"end":{"line":117,"column":null}},"type":"if","locations":[{"start":{"line":115,"column":3},"end":{"line":117,"column":null}}]},"10":{"loc":{"start":{"line":126,"column":1},"end":{"line":128,"column":null}},"type":"if","locations":[{"start":{"line":126,"column":1},"end":{"line":128,"column":null}}]},"11":{"loc":{"start":{"line":130,"column":1},"end":{"line":139,"column":null}},"type":"if","locations":[{"start":{"line":130,"column":1},"end":{"line":139,"column":null}}]},"12":{"loc":{"start":{"line":133,"column":2},"end":{"line":138,"column":null}},"type":"if","locations":[{"start":{"line":133,"column":2},"end":{"line":138,"column":null}}]},"13":{"loc":{"start":{"line":146,"column":1},"end":{"line":149,"column":null}},"type":"if","locations":[{"start":{"line":146,"column":1},"end":{"line":149,"column":null}}]},"14":{"loc":{"start":{"line":159,"column":29},"end":{"line":159,"column":67}},"type":"cond-expr","locations":[{"start":{"line":159,"column":46},"end":{"line":159,"column":54}},{"start":{"line":159,"column":57},"end":{"line":159,"column":67}}]},"15":{"loc":{"start":{"line":161,"column":1},"end":{"line":161,"column":22}},"type":"if","locations":[{"start":{"line":161,"column":1},"end":{"line":161,"column":22}}]},"16":{"loc":{"start":{"line":171,"column":1},"end":{"line":171,"column":25}},"type":"default-arg","locations":[{"start":{"line":171,"column":24},"end":{"line":171,"column":25}}]},"17":{"loc":{"start":{"line":173,"column":1},"end":{"line":175,"column":null}},"type":"if","locations":[{"start":{"line":173,"column":1},"end":{"line":175,"column":null}}]},"18":{"loc":{"start":{"line":173,"column":5},"end":{"line":173,"column":57}},"type":"binary-expr","locations":[{"start":{"line":173,"column":5},"end":{"line":173,"column":30}},{"start":{"line":173,"column":34},"end":{"line":173,"column":57}}]},"19":{"loc":{"start":{"line":184,"column":1},"end":{"line":186,"column":null}},"type":"if","locations":[{"start":{"line":184,"column":1},"end":{"line":186,"column":null}}]},"20":{"loc":{"start":{"line":184,"column":5},"end":{"line":184,"column":45}},"type":"binary-expr","locations":[{"start":{"line":184,"column":5},"end":{"line":184,"column":17}},{"start":{"line":184,"column":21},"end":{"line":184,"column":45}}]},"21":{"loc":{"start":{"line":188,"column":1},"end":{"line":190,"column":null}},"type":"if","locations":[{"start":{"line":188,"column":1},"end":{"line":190,"column":null}}]},"22":{"loc":{"start":{"line":211,"column":1},"end":{"line":211,"column":20}},"type":"default-arg","locations":[{"start":{"line":211,"column":18},"end":{"line":211,"column":20}}]},"23":{"loc":{"start":{"line":212,"column":1},"end":{"line":212,"column":23}},"type":"default-arg","locations":[{"start":{"line":212,"column":19},"end":{"line":212,"column":23}}]},"24":{"loc":{"start":{"line":213,"column":1},"end":{"line":213,"column":23}},"type":"default-arg","locations":[{"start":{"line":213,"column":19},"end":{"line":213,"column":23}}]},"25":{"loc":{"start":{"line":215,"column":1},"end":{"line":217,"column":null}},"type":"if","locations":[{"start":{"line":215,"column":1},"end":{"line":217,"column":null}}]},"26":{"loc":{"start":{"line":219,"column":14},"end":{"line":221,"column":56}},"type":"cond-expr","locations":[{"start":{"line":220,"column":4},"end":{"line":220,"column":20}},{"start":{"line":221,"column":4},"end":{"line":221,"column":56}}]},"27":{"loc":{"start":{"line":221,"column":16},"end":{"line":221,"column":40}},"type":"cond-expr","locations":[{"start":{"line":221,"column":25},"end":{"line":221,"column":31}},{"start":{"line":221,"column":34},"end":{"line":221,"column":40}}]},"28":{"loc":{"start":{"line":223,"column":1},"end":{"line":230,"column":null}},"type":"if","locations":[{"start":{"line":223,"column":1},"end":{"line":230,"column":null}}]},"29":{"loc":{"start":{"line":223,"column":5},"end":{"line":223,"column":47}},"type":"binary-expr","locations":[{"start":{"line":223,"column":5},"end":{"line":223,"column":30}},{"start":{"line":223,"column":34},"end":{"line":223,"column":47}}]},"30":{"loc":{"start":{"line":227,"column":31},"end":{"line":227,"column":69}},"type":"cond-expr","locations":[{"start":{"line":227,"column":40},"end":{"line":227,"column":42}},{"start":{"line":227,"column":45},"end":{"line":227,"column":69}}]},"31":{"loc":{"start":{"line":227,"column":45},"end":{"line":227,"column":69}},"type":"cond-expr","locations":[{"start":{"line":227,"column":54},"end":{"line":227,"column":60}},{"start":{"line":227,"column":63},"end":{"line":227,"column":69}}]}},"s":{"0":1,"1":1,"2":1,"3":1,"4":1,"5":0,"6":0,"7":0,"8":0,"9":0,"10":0,"11":0,"12":0,"13":1,"14":0,"15":0,"16":0,"17":0,"18":0,"19":0,"20":0,"21":0,"22":0,"23":0,"24":0,"25":0,"26":0,"27":0,"28":0,"29":0,"30":0,"31":0,"32":0,"33":0,"34":0,"35":0,"36":0,"37":0,"38":0,"39":0,"40":0,"41":0,"42":0,"43":0,"44":0,"45":0,"46":0,"47":0,"48":0,"49":0,"50":0,"51":0,"52":0,"53":0,"54":0,"55":0,"56":0,"57":0,"58":0,"59":0,"60":0,"61":0,"62":0,"63":0,"64":6,"65":2,"66":6,"67":6,"68":6,"69":0,"70":6,"71":1,"72":18,"73":2,"74":16,"75":16,"76":16,"77":16,"78":1,"79":15,"80":4,"81":11,"82":12,"83":12,"84":12,"85":11,"86":1,"87":19,"88":0,"89":19,"90":19,"91":13,"92":13,"93":12,"94":12,"95":12,"96":19,"97":1,"98":1},"f":{"0":0,"1":0,"2":0,"3":0,"4":0,"5":0,"6":0,"7":0,"8":0,"9":6,"10":2,"11":18,"12":12,"13":12,"14":19,"15":12,"16":0},"b":{"0":[0,0],"1":[0,0],"2":[0],"3":[0,0],"4":[0],"5":[0],"6":[0],"7":[0,0],"8":[0],"9":[0],"10":[0],"11":[0],"12":[0],"13":[0],"14":[1,5],"15":[0],"16":[0],"17":[2],"18":[18,2],"19":[1],"20":[16,10],"21":[4],"22":[1],"23":[1],"24":[1],"25":[0],"26":[7,12],"27":[9,3],"28":[13],"29":[19,13],"30":[9,3],"31":[3,0]}}
,"/workspace/src/settingsView.ts": {"path":"/workspace/src/settingsView.ts","statementMap":{"0":{"start":{"line":1,"column":0},"end":{"line":1,"column":33}},"1":{"start":{"line":8,"column":30},"end":{"line":8,"column":55}},"2":{"start":{"line":11,"column":2},"end":{"line":11,"column":27}},"3":{"start":{"line":13,"column":2},"end":{"line":16,"column":4}},"4":{"start":{"line":18,"column":2},"end":{"line":18,"column":30}},"5":{"start":{"line":20,"column":2},"end":{"line":24,"column":5}},"6":{"start":{"line":20,"column":47},"end":{"line":24,"column":4}},"7":{"start":{"line":21,"column":3},"end":{"line":23,"column":null}},"8":{"start":{"line":22,"column":4},"end":{"line":22,"column":32}},"9":{"start":{"line":26,"column":2},"end":{"line":32,"column":5}},"10":{"start":{"line":27,"column":3},"end":{"line":31,"column":null}},"11":{"start":{"line":29,"column":5},"end":{"line":29,"column":36}},"12":{"start":{"line":30,"column":5},"end":{"line":30,"column":11}},"13":{"start":{"line":36,"column":2},"end":{"line":51,"column":null}},"14":{"start":{"line":37,"column":18},"end":{"line":37,"column":68}},"15":{"start":{"line":38,"column":27},"end":{"line":46,"column":5}},"16":{"start":{"line":47,"column":3},"end":{"line":50,"column":5}},"17":{"start":{"line":58,"column":2},"end":{"line":169,"column":6}},"18":{"start":{"line":173,"column":17},"end":{"line":173,"column":67}},"19":{"start":{"line":174,"column":2},"end":{"line":178,"column":4}},"20":{"start":{"line":179,"column":2},"end":{"line":183,"column":4}},"21":{"start":{"line":184,"column":2},"end":{"line":188,"column":4}},"22":{"start":{"line":189,"column":2},"end":{"line":193,"column":4}},"23":{"start":{"line":194,"column":2},"end":{"line":198,"column":4}},"24":{"start":{"line":200,"column":2},"end":{"line":200,"column":73}},"25":{"start":{"line":203,"column":2},"end":{"line":203,"column":30}},"26":{"start":{"line":3,"column":0},"end":{"line":3,"column":13}},"27":{"start":{"line":4,"column":24},"end":{"line":4,"column":60}}},"fnMap":{"0":{"name":"(anonymous_7)","decl":{"start":{"line":8,"column":1},"end":{"line":8,"column":30}},"loc":{"start":{"line":8,"column":55},"end":{"line":8,"column":59}}},"1":{"name":"(anonymous_8)","decl":{"start":{"line":10,"column":14},"end":{"line":10,"column":32}},"loc":{"start":{"line":10,"column":64},"end":{"line":33,"column":null}}},"2":{"name":"(anonymous_10)","decl":{"start":{"line":20,"column":36},"end":{"line":20,"column":45}},"loc":{"start":{"line":20,"column":47},"end":{"line":24,"column":4}}},"3":{"name":"(anonymous_11)","decl":{"start":{"line":20,"column":47},"end":{"line":20,"column":null}},"loc":{"start":{"line":20,"column":47},"end":{"line":24,"column":3}}},"4":{"name":"(anonymous_12)","decl":{"start":{"line":26,"column":42},"end":{"line":26,"column":43}},"loc":{"start":{"line":26,"column":51},"end":{"line":32,"column":3}}},"5":{"name":"(anonymous_13)","decl":{"start":{"line":35,"column":15},"end":{"line":35,"column":29}},"loc":{"start":{"line":35,"column":29},"end":{"line":52,"column":null}}},"6":{"name":"(anonymous_15)","decl":{"start":{"line":54,"column":9},"end":{"line":54,"column":27}},"loc":{"start":{"line":56,"column":35},"end":{"line":170,"column":2}}},"7":{"name":"(anonymous_16)","decl":{"start":{"line":172,"column":15},"end":{"line":172,"column":28}},"loc":{"start":{"line":172,"column":62},"end":{"line":204,"column":null}}}},"branchMap":{"0":{"loc":{"start":{"line":21,"column":3},"end":{"line":23,"column":null}},"type":"if","locations":[{"start":{"line":21,"column":3},"end":{"line":23,"column":null}}]},"1":{"loc":{"start":{"line":27,"column":3},"end":{"line":31,"column":null}},"type":"switch","locations":[{"start":{"line":28,"column":4},"end":{"line":30,"column":11}}]},"2":{"loc":{"start":{"line":36,"column":2},"end":{"line":51,"column":null}},"type":"if","locations":[{"start":{"line":36,"column":2},"end":{"line":51,"column":null}}]},"3":{"loc":{"start":{"line":104,"column":6},"end":{"line":104,"column":null}},"type":"cond-expr","locations":[{"start":{"line":104,"column":35},"end":{"line":104,"column":44}},{"start":{"line":104,"column":47},"end":{"line":104,"column":null}}]},"4":{"loc":{"start":{"line":112,"column":10},"end":{"line":112,"column":54}},"type":"cond-expr","locations":[{"start":{"line":112,"column":39},"end":{"line":112,"column":41}},{"start":{"line":112,"column":44},"end":{"line":112,"column":54}}]},"5":{"loc":{"start":{"line":116,"column":6},"end":{"line":116,"column":null}},"type":"cond-expr","locations":[{"start":{"line":116,"column":37},"end":{"line":116,"column":46}},{"start":{"line":116,"column":49},"end":{"line":116,"column":null}}]}},"s":{"0":1,"1":0,"2":0,"3":0,"4":0,"5":0,"6":0,"7":0,"8":0,"9":0,"10":0,"11":0,"12":0,"13":0,"14":0,"15":0,"16":0,"17":0,"18":0,"19":0,"20":0,"21":0,"22":0,"23":0,"24":0,"25":0,"26":1,"27":1},"f":{"0":0,"1":0,"2":0,"3":0,"4":0,"5":0,"6":0,"7":0},"b":{"0":[0],"1":[0],"2":[0],"3":[0,0],"4":[0,0],"5":[0,0]}}
}
