TN:
SF:src/extension.ts
FN:13,activate
FN:26,(anonymous_8)
FN:33,(anonymous_9)
FN:44,generatePrompt
FN:56,(anonymous_12)
FN:60,(anonymous_13)
FN:61,(anonymous_14)
FN:63,(anonymous_15)
FN:66,(anonymous_16)
FN:152,generateTreeStructure
FN:158,(anonymous_18)
FN:166,buildTree
FN:194,(anonymous_20)
FN:204,(anonymous_21)
FN:209,formatTreeToAscii
FN:225,(anonymous_23)
FN:234,deactivate
FNF:17
FNH:7
FNDA:0,activate
FNDA:0,(anonymous_8)
FNDA:0,(anonymous_9)
FNDA:0,generatePrompt
FNDA:0,(anonymous_12)
FNDA:0,(anonymous_13)
FNDA:0,(anonymous_14)
FNDA:0,(anonymous_15)
FNDA:0,(anonymous_16)
FNDA:6,generateTreeStructure
FNDA:2,(anonymous_18)
FNDA:18,buildTree
FNDA:12,(anonymous_20)
FNDA:12,(anonymous_21)
FNDA:19,formatTreeToAscii
FNDA:12,(anonymous_23)
FNDA:0,deactivate
DA:1,1
DA:2,1
DA:3,1
DA:4,1
DA:5,1
DA:13,1
DA:14,0
DA:16,0
DA:17,0
DA:24,0
DA:27,0
DA:31,0
DA:34,0
DA:38,0
DA:45,0
DA:46,0
DA:48,0
DA:49,0
DA:50,0
DA:54,0
DA:57,0
DA:60,0
DA:61,0
DA:64,0
DA:66,0
DA:68,0
DA:70,0
DA:75,0
DA:76,0
DA:77,0
DA:78,0
DA:79,0
DA:80,0
DA:83,0
DA:85,0
DA:86,0
DA:92,0
DA:95,0
DA:96,0
DA:97,0
DA:98,0
DA:101,0
DA:102,0
DA:104,0
DA:106,0
DA:115,0
DA:116,0
DA:120,0
DA:123,0
DA:126,0
DA:127,0
DA:130,0
DA:131,0
DA:132,0
DA:133,0
DA:134,0
DA:137,0
DA:141,0
DA:142,0
DA:143,0
DA:144,0
DA:146,0
DA:147,0
DA:148,0
DA:152,1
DA:158,6
DA:159,6
DA:160,6
DA:161,6
DA:163,6
DA:166,1
DA:173,18
DA:174,2
DA:177,16
DA:178,16
DA:179,16
DA:184,16
DA:185,1
DA:188,15
DA:189,4
DA:192,11
DA:195,12
DA:196,12
DA:204,12
DA:206,11
DA:209,1
DA:215,19
DA:216,0
DA:219,19
DA:223,19
DA:224,13
DA:225,13
DA:226,12
DA:227,12
DA:228,12
DA:232,19
DA:234,1
LF:97
LH:38
BRDA:46,0,0,0
BRDA:46,0,1,0
BRDA:46,1,0,0
BRDA:46,1,1,0
BRDA:48,2,0,0
BRDA:64,3,0,0
BRDA:64,3,1,0
BRDA:78,4,0,0
BRDA:85,5,0,0
BRDA:97,6,0,0
BRDA:97,7,0,0
BRDA:97,7,1,0
BRDA:104,8,0,0
BRDA:115,9,0,0
BRDA:126,10,0,0
BRDA:130,11,0,0
BRDA:133,12,0,0
BRDA:146,13,0,0
BRDA:159,14,0,1
BRDA:159,14,1,5
BRDA:161,15,0,0
BRDA:171,16,0,0
BRDA:173,17,0,2
BRDA:173,18,0,18
BRDA:173,18,1,2
BRDA:184,19,0,1
BRDA:184,20,0,16
BRDA:184,20,1,10
BRDA:188,21,0,4
BRDA:211,22,0,1
BRDA:212,23,0,1
BRDA:213,24,0,1
BRDA:215,25,0,0
BRDA:219,26,0,7
BRDA:219,26,1,12
BRDA:221,27,0,9
BRDA:221,27,1,3
BRDA:223,28,0,13
BRDA:223,29,0,19
BRDA:223,29,1,13
BRDA:227,30,0,9
BRDA:227,30,1,3
BRDA:227,31,0,3
BRDA:227,31,1,0
BRF:44
BRH:22
end_of_record
TN:
SF:src/settingsView.ts
FN:8,(anonymous_7)
FN:10,(anonymous_8)
FN:20,(anonymous_10)
FN:20,(anonymous_11)
FN:26,(anonymous_12)
FN:35,(anonymous_13)
FN:54,(anonymous_15)
FN:172,(anonymous_16)
FNF:8
FNH:0
FNDA:0,(anonymous_7)
FNDA:0,(anonymous_8)
FNDA:0,(anonymous_10)
FNDA:0,(anonymous_11)
FNDA:0,(anonymous_12)
FNDA:0,(anonymous_13)
FNDA:0,(anonymous_15)
FNDA:0,(anonymous_16)
DA:1,1
DA:3,1
DA:4,1
DA:8,0
DA:11,0
DA:13,0
DA:18,0
DA:20,0
DA:21,0
DA:22,0
DA:26,0
DA:27,0
DA:29,0
DA:30,0
DA:36,0
DA:37,0
DA:38,0
DA:47,0
DA:58,0
DA:173,0
DA:174,0
DA:179,0
DA:184,0
DA:189,0
DA:194,0
DA:200,0
DA:203,0
LF:27
LH:3
BRDA:21,0,0,0
BRDA:27,1,0,0
BRDA:36,2,0,0
BRDA:104,3,0,0
BRDA:104,3,1,0
BRDA:112,4,0,0
BRDA:112,4,1,0
BRDA:116,5,0,0
BRDA:116,5,1,0
BRF:9
BRH:0
end_of_record
